<?xml version="1.0" encoding="UTF-8"?>
<testsuite xmlns:xsi="http://www.w3.org/2001/XMLSchema-instance" xsi:noNamespaceSchemaLocation="https://maven.apache.org/surefire/maven-surefire-plugin/xsd/surefire-test-report-3.0.xsd" version="3.0" name="in.project.sanjay.specialization.SpecializationRepositoryTest" time="6.808" tests="2" errors="0" skipped="0" failures="1">
  <properties>
[...]
</properties>
  <testcase name="testSpecFetchAll" classname="in.project.sanjay.specialization.SpecializationRepositoryTest" time="0.809">
    <failure message="No data exist in DataBase" type="org.opentest4j.AssertionFailedError"><![CDATA[org.opentest4j.AssertionFailedError: No data exist in DataBase
	at org.junit.jupiter.api.AssertionUtils.fail(AssertionUtils.java:38)
	at org.junit.jupiter.api.Assertions.fail(Assertions.java:138)
	at in.project.sanjay.specialization.SpecializationRepositoryTest.testSpecFetchAll(SpecializationRepositoryTest.java:58)
	at java.base/java.lang.reflect.Method.invoke(Method.java:580)
	at java.base/java.util.ArrayList.forEach(ArrayList.java:1596)
	at java.base/java.util.ArrayList.forEach(ArrayList.java:1596)
]]></failure>
    <system-out><![CDATA[23:01:33.174 [main] INFO org.springframework.test.context.support.AnnotationConfigContextLoaderUtils -- Could not detect default configuration classes for test class [in.project.sanjay.specialization.SpecializationRepositoryTest]: SpecializationRepositoryTest does not declare any static, non-private, non-final, nested classes annotated with @Configuration.
23:01:33.357 [main] INFO org.springframework.boot.test.context.SpringBootTestContextBootstrapper -- Found @SpringBootConfiguration in.project.sanjay.HealthCareApplication for test class in.project.sanjay.specialization.SpecializationRepositoryTest
23:01:33.500 [main] INFO org.springframework.boot.devtools.restart.RestartApplicationListener -- Restart disabled due to context in which it is running

  .   ____          _            __ _ _
 /\\ / ___'_ __ _ _(_)_ __  __ _ \ \ \ \
( ( )\___ | '_ | '_| | '_ \/ _` | \ \ \ \
 \\/  ___)| |_)| | | | | || (_| |  ) ) ) )
  '  |____| .__|_| |_|_| |_\__, | / / / /
 =========|_|==============|___/=/_/_/_/
 :: Spring Boot ::                (v3.2.3)

2024-05-24T23:01:33.940+05:30  INFO 15992 --- [           main] i.p.s.s.SpecializationRepositoryTest     : Starting SpecializationRepositoryTest using Java 21.0.1 with PID 15992 (started by palle in C:\Users\palle\Spring tool suite MVC\JSBProjects\HealthCare)
2024-05-24T23:01:33.943+05:30  INFO 15992 --- [           main] i.p.s.s.SpecializationRepositoryTest     : No active profile set, falling back to 1 default profile: "default"
2024-05-24T23:01:34.706+05:30  INFO 15992 --- [           main] .s.d.r.c.RepositoryConfigurationDelegate : Bootstrapping Spring Data JPA repositories in DEFAULT mode.
2024-05-24T23:01:34.820+05:30  INFO 15992 --- [           main] .s.d.r.c.RepositoryConfigurationDelegate : Finished Spring Data repository scanning in 100 ms. Found 2 JPA repository interfaces.
2024-05-24T23:01:35.296+05:30  INFO 15992 --- [           main] o.hibernate.jpa.internal.util.LogHelper  : HHH000204: Processing PersistenceUnitInfo [name: default]
2024-05-24T23:01:35.389+05:30  INFO 15992 --- [           main] org.hibernate.Version                    : HHH000412: Hibernate ORM core version 6.4.4.Final
2024-05-24T23:01:35.437+05:30  INFO 15992 --- [           main] o.h.c.internal.RegionFactoryInitiator    : HHH000026: Second-level cache disabled
2024-05-24T23:01:35.883+05:30  INFO 15992 --- [           main] o.s.o.j.p.SpringPersistenceUnitInfo      : No LoadTimeWeaver setup: ignoring JPA class transformer
2024-05-24T23:01:35.935+05:30  INFO 15992 --- [           main] com.zaxxer.hikari.HikariDataSource       : HikariPool-1 - Starting...
2024-05-24T23:01:36.389+05:30  INFO 15992 --- [           main] com.zaxxer.hikari.pool.HikariPool        : HikariPool-1 - Added connection com.mysql.cj.jdbc.ConnectionImpl@59e082f8
2024-05-24T23:01:36.391+05:30  INFO 15992 --- [           main] com.zaxxer.hikari.HikariDataSource       : HikariPool-1 - Start completed.
2024-05-24T23:01:36.473+05:30  WARN 15992 --- [           main] org.hibernate.orm.deprecation            : HHH90000025: MySQL8Dialect does not need to be specified explicitly using 'hibernate.dialect' (remove the property setting and it will be selected by default)
2024-05-24T23:01:36.474+05:30  WARN 15992 --- [           main] org.hibernate.orm.deprecation            : HHH90000026: MySQL8Dialect has been deprecated; use org.hibernate.dialect.MySQLDialect instead
2024-05-24T23:01:37.589+05:30  INFO 15992 --- [           main] o.h.e.t.j.p.i.JtaPlatformInitiator       : HHH000489: No JTA platform available (set 'hibernate.transaction.jta.platform' to enable JTA platform integration)
Hibernate: drop table if exists doctor_tab
Hibernate: drop table if exists specialization_tab
Hibernate: create table doctor_tab (doc_id_col bigint not null auto_increment, doc_addr_col varchar(255), doc_fn_col varchar(255), doc_gen_col varchar(255), doc_ln_col varchar(255), doc_mail_col varchar(255), doc_mob_col varchar(255), doc_note_col varchar(255), img varchar(255), primary key (doc_id_col)) engine=InnoDB
Hibernate: create table specialization_tab (spec_id_col bigint not null auto_increment, spec_code_col varchar(12) not null, spec_name_col varchar(60) not null, spec_note_col varchar(250) not null, primary key (spec_id_col)) engine=InnoDB
Hibernate: alter table specialization_tab add constraint UK_3bw2xqajtlq26pqtwt1f03x2 unique (spec_code_col)
Hibernate: alter table specialization_tab add constraint UK_hpmd9eeopv7nmmib0v7u5ubft unique (spec_name_col)
2024-05-24T23:01:37.742+05:30  INFO 15992 --- [           main] j.LocalContainerEntityManagerFactoryBean : Initialized JPA EntityManagerFactory for persistence unit 'default'
2024-05-24T23:01:38.215+05:30  INFO 15992 --- [           main] o.s.d.j.r.query.QueryEnhancerFactory     : Hibernate is in classpath; If applicable, HQL parser will be used.
2024-05-24T23:01:38.857+05:30  INFO 15992 --- [           main] i.p.s.s.SpecializationRepositoryTest     : Started SpecializationRepositoryTest in 5.374 seconds (process running for 7.011)
Hibernate: select s1_0.spec_id_col,s1_0.spec_code_col,s1_0.spec_name_col,s1_0.spec_note_col from specialization_tab s1_0
]]></system-out>
    <system-err><![CDATA[WARNING: A Java agent has been loaded dynamically (C:\Users\palle\.m2\repository\net\bytebuddy\byte-buddy-agent\1.14.12\byte-buddy-agent-1.14.12.jar)
WARNING: If a serviceability tool is in use, please run with -XX:+EnableDynamicAgentLoading to hide this warning
WARNING: If a serviceability tool is not in use, please run with -Djdk.instrument.traceUsage for more information
WARNING: Dynamic loading of agents will be disallowed by default in a future release
]]></system-err>
  </testcase>
  <testcase name="testSpecCreate" classname="in.project.sanjay.specialization.SpecializationRepositoryTest" time="0.051">
    <system-out><![CDATA[Hibernate: insert into specialization_tab (spec_code_col,spec_name_col,spec_note_col) values (?,?,?)
]]></system-out>
  </testcase>
</testsuite>